0 info it worked if it ends with ok
1 verbose cli [ 'node', '/usr/local/bin/npm', 'install', 'phonegap', '-g' ]
2 info using npm@2.11.3
3 info using node@v0.12.7
4 verbose install initial load of /usr/local/lib/package.json
5 verbose readDependencies loading dependencies from /usr/local/lib/package.json
6 silly cache add args [ 'phonegap', null ]
7 verbose cache add spec phonegap
8 silly cache add parsed spec { raw: 'phonegap',
8 silly cache add   scope: null,
8 silly cache add   name: 'phonegap',
8 silly cache add   rawSpec: '',
8 silly cache add   spec: '*',
8 silly cache add   type: 'range' }
9 silly addNamed phonegap@*
10 verbose addNamed "*" is a valid semver range for phonegap
11 silly addNameRange { name: 'phonegap', range: '*', hasData: false }
12 silly mapToRegistry name phonegap
13 silly mapToRegistry using default registry
14 silly mapToRegistry registry https://registry.npmjs.org/
15 silly mapToRegistry uri https://registry.npmjs.org/phonegap
16 verbose addNameRange registry:https://registry.npmjs.org/phonegap not in flight; fetching
17 verbose request uri https://registry.npmjs.org/phonegap
18 verbose request no auth needed
19 info attempt registry request try #1 at 4:59:39 PM
20 verbose request id d11184cfa57c2812
21 http request GET https://registry.npmjs.org/phonegap
22 http 200 https://registry.npmjs.org/phonegap
23 silly get cb [ 200,
23 silly get   { server: 'CouchDB/1.5.0 (Erlang OTP/R16B03)',
23 silly get     etag: '"8EANNG53YJBZXSBSXLGT01JJR"',
23 silly get     'content-type': 'application/json',
23 silly get     'cache-control': 'max-age=60',
23 silly get     'content-length': '224524',
23 silly get     'accept-ranges': 'bytes',
23 silly get     date: 'Thu, 06 Aug 2015 23:59:39 GMT',
23 silly get     via: '1.1 varnish',
23 silly get     age: '0',
23 silly get     connection: 'keep-alive',
23 silly get     'x-served-by': 'cache-sjc3130-SJC',
23 silly get     'x-cache': 'MISS',
23 silly get     'x-cache-hits': '0',
23 silly get     'x-timer': 'S1438905579.076712,VS0,VE35',
23 silly get     vary: 'Accept' } ]
24 verbose get saving phonegap to /Users/MikeWork/.npm/registry.npmjs.org/phonegap/.cache.json
25 silly addNameRange number 2 { name: 'phonegap', range: '*', hasData: true }
26 silly addNameRange versions [ 'phonegap',
26 silly addNameRange   [ '0.2.0',
26 silly addNameRange     '0.2.1',
26 silly addNameRange     '0.2.2',
26 silly addNameRange     '0.3.0',
26 silly addNameRange     '0.4.0',
26 silly addNameRange     '0.4.1',
26 silly addNameRange     '0.5.0',
26 silly addNameRange     '0.6.0',
26 silly addNameRange     '0.6.1',
26 silly addNameRange     '0.7.0',
26 silly addNameRange     '0.7.1',
26 silly addNameRange     '0.7.2',
26 silly addNameRange     '0.7.3',
26 silly addNameRange     '0.7.4',
26 silly addNameRange     '0.7.5',
26 silly addNameRange     '0.7.6',
26 silly addNameRange     '0.7.7',
26 silly addNameRange     '0.7.8',
26 silly addNameRange     '0.8.0',
26 silly addNameRange     '0.8.1',
26 silly addNameRange     '0.9.0',
26 silly addNameRange     '0.9.1',
26 silly addNameRange     '0.9.2',
26 silly addNameRange     '0.9.3',
26 silly addNameRange     '0.9.4',
26 silly addNameRange     '2.8.0-0.10.0',
26 silly addNameRange     '2.8.0-0.10.1',
26 silly addNameRange     '2.8.0-0.10.2',
26 silly addNameRange     '2.8.0-0.10.3',
26 silly addNameRange     '2.8.0-0.10.4',
26 silly addNameRange     '2.8.0-0.10.6',
26 silly addNameRange     '2.8.1-0.11.0',
26 silly addNameRange     '2.9.0-0.12.2',
26 silly addNameRange     '2.9.0-0.12.3',
26 silly addNameRange     '2.9.0-0.12.4',
26 silly addNameRange     '2.9.0-0.12.5',
26 silly addNameRange     '2.9.0-0.12.6',
26 silly addNameRange     '2.9.0-0.12.7',
26 silly addNameRange     '2.9.0-0.12.8',
26 silly addNameRange     '2.9.0-rc1-0.12.0',
26 silly addNameRange     '2.9.0-rc1-0.12.1',
26 silly addNameRange     '2.9.0-rc1-0.12.2',
26 silly addNameRange     '2.9.0-0.12.9',
26 silly addNameRange     '2.9.0-0.12.10',
26 silly addNameRange     '2.9.0-0.12.11',
26 silly addNameRange     '2.9.0-0.13.0',
26 silly addNameRange     '2.9.0-0.13.1',
26 silly addNameRange     '2.9.0-0.13.2',
26 silly addNameRange     '3.0.0-rc1-0.13.2',
26 silly addNameRange     '3.0.0-rc1-0.13.3',
26 silly addNameRange     '3.0.0-0.14.0',
26 silly addNameRange     '3.0.0-0.14.1',
26 silly addNameRange     '3.0.0-0.14.2',
26 silly addNameRange     '3.0.0-0.14.3',
26 silly addNameRange     '3.0.0-0.14.4',
26 silly addNameRange     '3.1.0-0.15.0',
26 silly addNameRange     '3.2.0-0.15.0',
26 silly addNameRange     '3.2.0-0.16.0',
26 silly addNameRange     '3.2.0-0.17.0',
26 silly addNameRange     '3.2.0-0.17.1',
26 silly addNameRange     '3.3.0-0.17.1',
26 silly addNameRange     '3.3.0-0.18.0',
26 silly addNameRange     '3.3.0-0.18.1',
26 silly addNameRange     '3.3.0-0.19.0',
26 silly addNameRange     '3.3.0-0.19.1',
26 silly addNameRange     '3.3.0-0.19.2',
26 silly addNameRange     '3.3.0-0.19.3',
26 silly addNameRange     '3.3.0-0.19.4',
26 silly addNameRange     '3.3.0-0.19.5',
26 silly addNameRange     '3.3.0-0.19.6',
26 silly addNameRange     '3.4.0-0.19.7',
26 silly addNameRange     '3.4.0-0.19.8',
26 silly addNameRange     '3.4.0-0.19.9',
26 silly addNameRange     '3.4.0-0.19.10',
26 silly addNameRange     '3.4.0-0.19.11',
26 silly addNameRange     '3.4.0-0.19.12',
26 silly addNameRange     '3.4.0-0.19.13',
26 silly addNameRange     '3.4.0-0.19.14',
26 silly addNameRange     '3.4.0-0.19.15',
26 silly addNameRange     '3.4.0-0.19.16',
26 silly addNameRange     '3.4.0-0.19.17',
26 silly addNameRange     '3.4.0-0.19.18',
26 silly addNameRange     '3.4.0-0.19.19',
26 silly addNameRange     '3.4.0-0.19.20',
26 silly addNameRange     '3.4.0-0.19.21',
26 silly addNameRange     '3.4.0-0.20.0',
26 silly addNameRange     '3.5.0-0.19.23',
26 silly addNameRange     '3.5.0-0.20.0',
26 silly addNameRange     '3.5.0-0.20.1',
26 silly addNameRange     '3.5.0-0.20.3',
26 silly addNameRange     '3.5.0-0.20.4',
26 silly addNameRange     '3.5.0-0.20.5',
26 silly addNameRange     '3.5.0-0.20.6',
26 silly addNameRange     '3.5.0-0.20.7',
26 silly addNameRange     '3.5.0-0.20.9',
26 silly addNameRange     '3.5.0-0.20.10',
26 silly addNameRange     '3.5.0-0.20.14',
26 silly addNameRange     '3.5.0-0.21.14',
26 silly addNameRange     '3.5.0-0.21.15',
26 silly addNameRange     '3.5.0-0.21.16',
26 silly addNameRange     '3.5.0-0.21.17',
26 silly addNameRange     '3.5.0-0.21.18',
26 silly addNameRange     '3.6.0-0.21.18',
26 silly addNameRange     '3.6.0-0.21.19',
26 silly addNameRange     '3.6.3-0.22.0',
26 silly addNameRange     '3.6.3-0.22.1',
26 silly addNameRange     '3.6.3-0.22.2',
26 silly addNameRange     '3.6.3-0.22.3',
26 silly addNameRange     '3.6.3-0.22.4',
26 silly addNameRange     '3.6.3-0.22.5',
26 silly addNameRange     '3.6.3-0.22.6',
26 silly addNameRange     '3.6.3-0.22.7',
26 silly addNameRange     '4.0.0-0.22.7',
26 silly addNameRange     '4.1.2-0.22.7',
26 silly addNameRange     '4.1.2-0.22.8',
26 silly addNameRange     '4.1.2-0.22.9',
26 silly addNameRange     '4.1.2-0.22.10',
26 silly addNameRange     '4.1.2-0.22.11',
26 silly addNameRange     '4.1.2-0.22.12',
26 silly addNameRange     '4.2.0-0.23.0',
26 silly addNameRange     '4.2.0-0.24.0',
26 silly addNameRange     '4.2.0-0.24.1',
26 silly addNameRange     '4.2.0-0.24.2',
26 silly addNameRange     '4.2.0-0.25.0',
26 silly addNameRange     '4.2.0-0.26.0',
26 silly addNameRange     '5.0.0-0.27.0',
26 silly addNameRange     '5.0.0-0.27.1',
26 silly addNameRange     '5.0.0-0.28.0',
26 silly addNameRange     '5.0.0-0.28.1',
26 silly addNameRange     '5.1.1-0.29.0',
26 silly addNameRange     '5.1.1' ] ]
27 silly addNamed phonegap@5.1.1
28 verbose addNamed "5.1.1" is a plain semver version for phonegap
29 silly mapToRegistry name phonegap
30 silly mapToRegistry using default registry
31 silly mapToRegistry registry https://registry.npmjs.org/
32 silly mapToRegistry uri https://registry.npmjs.org/phonegap
33 verbose addRemoteTarball https://registry.npmjs.org/phonegap/-/phonegap-5.1.1.tgz not in flight; adding
34 verbose addRemoteTarball [ 'https://registry.npmjs.org/phonegap/-/phonegap-5.1.1.tgz',
34 verbose addRemoteTarball   '06f7e45424c01f1ac86090a92066ce88f0e20953' ]
35 info retry fetch attempt 1 at 4:59:39 PM
36 info attempt registry request try #1 at 4:59:39 PM
37 http fetch GET https://registry.npmjs.org/phonegap/-/phonegap-5.1.1.tgz
38 http fetch 200 https://registry.npmjs.org/phonegap/-/phonegap-5.1.1.tgz
39 silly fetchAndShaCheck shasum 06f7e45424c01f1ac86090a92066ce88f0e20953
40 verbose addTmpTarball /var/folders/hd/1vvh80j50lbcfb2jw_t0n8zw0000gn/T/npm-8626-3cfc95e8/registry.npmjs.org/phonegap/-/phonegap-5.1.1.tgz not in flight; adding
41 verbose addTmpTarball already have metadata; skipping unpack for phonegap@5.1.1
42 silly cache afterAdd phonegap@5.1.1
43 verbose afterAdd /Users/MikeWork/.npm/phonegap/5.1.1/package/package.json not in flight; writing
44 verbose afterAdd /Users/MikeWork/.npm/phonegap/5.1.1/package/package.json written
45 silly install resolved [ { name: 'phonegap',
45 silly install resolved     description: 'PhoneGap command-line interface and node.js library.',
45 silly install resolved     version: '5.1.1',
45 silly install resolved     homepage: 'http://github.com/phonegap/phonegap-cli',
45 silly install resolved     repository:
45 silly install resolved      { type: 'git',
45 silly install resolved        url: 'git://github.com/phonegap/phonegap-cli.git' },
45 silly install resolved     keywords:
45 silly install resolved      [ 'cli',
45 silly install resolved        'cordova',
45 silly install resolved        'phonegap',
45 silly install resolved        'phonegap build',
45 silly install resolved        'phonegap/build' ],
45 silly install resolved     preferGlobal: 'true',
45 silly install resolved     main: './lib/main.js',
45 silly install resolved     bin: { phonegap: './bin/phonegap.js' },
45 silly install resolved     scripts: { test: 'node node_modules/jasmine-node/bin/jasmine-node --color spec' },
45 silly install resolved     engineStrict: 'true',
45 silly install resolved     engines: { node: '>=0.10.0' },
45 silly install resolved     dependencies:
45 silly install resolved      { colors: '0.6.0-1',
45 silly install resolved        'connect-phonegap': '0.16.1',
45 silly install resolved        cordova: '5.1.1',
45 silly install resolved        minimist: '0.1.0',
45 silly install resolved        'phonegap-build': '0.9.1',
45 silly install resolved        pluralize: '0.0.4',
45 silly install resolved        prompt: '0.2.11',
45 silly install resolved        'qrcode-terminal': '0.9.4',
45 silly install resolved        semver: '1.1.0',
45 silly install resolved        shelljs: '0.1.4' },
45 silly install resolved     devDependencies: { 'jasmine-node': '1.14.5', chdir: '0.0.x' },
45 silly install resolved     optionalDependencies: {},
45 silly install resolved     contributors: [ [Object], [Object], [Object], [Object], [Object] ],
45 silly install resolved     templates:
45 silly install resolved      { blank: [Object],
45 silly install resolved        'hello-world': [Object],
45 silly install resolved        'hello-cordova': [Object],
45 silly install resolved        'jquery-mobile-starter': [Object] },
45 silly install resolved     gitHead: '7be2c6d4ea52759c2a5ffbfc59f037d9dc94ec1d',
45 silly install resolved     bugs: { url: 'https://github.com/phonegap/phonegap-cli/issues' },
45 silly install resolved     _id: 'phonegap@5.1.1',
45 silly install resolved     _shasum: '06f7e45424c01f1ac86090a92066ce88f0e20953',
45 silly install resolved     _from: 'phonegap@*',
45 silly install resolved     _npmVersion: '2.13.1',
45 silly install resolved     _nodeVersion: '0.10.38',
45 silly install resolved     _npmUser: { name: 'mwbrooks', email: 'michael@michaelbrooks.ca' },
45 silly install resolved     dist:
45 silly install resolved      { shasum: '06f7e45424c01f1ac86090a92066ce88f0e20953',
45 silly install resolved        tarball: 'http://registry.npmjs.org/phonegap/-/phonegap-5.1.1.tgz' },
45 silly install resolved     maintainers: [ [Object], [Object], [Object], [Object] ],
45 silly install resolved     directories: {},
45 silly install resolved     _resolved: 'https://registry.npmjs.org/phonegap/-/phonegap-5.1.1.tgz' } ]
46 info install phonegap@5.1.1 into /usr/local/lib
47 info installOne phonegap@5.1.1
48 verbose installOne of phonegap to /usr/local/lib not in flight; installing
49 warn locking Error: EACCES, open '/Users/MikeWork/.npm/_locks/phonegap-e2bb9ce47409f16e.lock'
49 warn locking     at Error (native)
49 warn locking  /Users/MikeWork/.npm/_locks/phonegap-e2bb9ce47409f16e.lock failed { [Error: EACCES, open '/Users/MikeWork/.npm/_locks/phonegap-e2bb9ce47409f16e.lock']
49 warn locking   errno: -13,
49 warn locking   code: 'EACCES',
49 warn locking   path: '/Users/MikeWork/.npm/_locks/phonegap-e2bb9ce47409f16e.lock' }
50 verbose stack Error: Attempt to unlock /usr/local/lib/node_modules/phonegap, which hasn't been locked
50 verbose stack     at unlock (/usr/local/lib/node_modules/npm/lib/utils/locker.js:66:11)
50 verbose stack     at cb (/usr/local/lib/node_modules/npm/lib/install.js:1017:5)
50 verbose stack     at /usr/local/lib/node_modules/npm/lib/install.js:1021:20
50 verbose stack     at /usr/local/lib/node_modules/npm/lib/utils/locker.js:40:9
50 verbose stack     at cb (/usr/local/lib/node_modules/npm/node_modules/lockfile/lockfile.js:149:38)
50 verbose stack     at /usr/local/lib/node_modules/npm/node_modules/lockfile/lockfile.js:177:38
50 verbose stack     at FSReqWrap.oncomplete (fs.js:95:15)
51 verbose cwd /Applications/MAMP/htdocs/MySandbox /ios_apps/hello
52 error Darwin 14.4.0
53 error argv "node" "/usr/local/bin/npm" "install" "phonegap" "-g"
54 error node v0.12.7
55 error npm  v2.11.3
56 error Attempt to unlock /usr/local/lib/node_modules/phonegap, which hasn't been locked
57 error If you need help, you may report this error at:
57 error     <https://github.com/npm/npm/issues>
58 verbose exit [ 1, true ]
